# JRE version: Java(TM) SE Runtime Environment (16.0.2+7) (build 16.0.2+7-67)
# Java VM: Java HotSpot(TM) 64-Bit Server VM (16.0.2+7-67, mixed mode, sharing, tiered, compressed oops, compressed class ptrs, g1 gc, bsd-amd64)
GC Precious Log:
 CPUs: 8 total, 8 available
 Memory: 16384M
 Large Page Support: Disabled
 NUMA Support: Disabled
 Compressed Oops: Enabled (Zero based)
 Heap Region Size: 2M
 Heap Min Capacity: 8M
 Heap Initial Capacity: 256M
 Heap Max Capacity: 4G
 Pre-touch: Disabled
 Parallel Workers: 8
 Concurrent Workers: 2
 Concurrent Refinement Workers: 8
 Periodic GC: Disabled
Heap:
 garbage-first heap   total 247808K, used 158822K [0x0000000700000000, 0x0000000800000000)
  region size 2048K, 49 young (100352K), 1 survivors (2048K)
 Metaspace       used 79660K, committed 80768K, reserved 1122304K
  class space    used 8691K, committed 9280K, reserved 1048576K
GC Heap History (20 events):
Event: 6533.754 GC heap before
{Heap before GC invocations=173 (full 0):
 garbage-first heap   total 247808K, used 208120K [0x0000000700000000, 0x0000000800000000)
  region size 2048K, 72 young (147456K), 1 survivors (2048K)
 Metaspace       used 79518K, committed 80640K, reserved 1122304K
  class space    used 8680K, committed 9280K, reserved 1048576K
}
Event: 6533.757 GC heap after
{Heap after GC invocations=174 (full 0):
 garbage-first heap   total 247808K, used 64582K [0x0000000700000000, 0x0000000800000000)
  region size 2048K, 1 young (2048K), 1 survivors (2048K)
 Metaspace       used 79518K, committed 80640K, reserved 1122304K
  class space    used 8680K, committed 9280K, reserved 1048576K
}
Event: 6585.420 GC heap before
{Heap before GC invocations=174 (full 0):
 garbage-first heap   total 247808K, used 207942K [0x0000000700000000, 0x0000000800000000)
  region size 2048K, 72 young (147456K), 1 survivors (2048K)
 Metaspace       used 79520K, committed 80640K, reserved 1122304K
  class space    used 8680K, committed 9280K, reserved 1048576K
}
Event: 6585.430 GC heap after
{Heap after GC invocations=175 (full 0):
 garbage-first heap   total 247808K, used 64557K [0x0000000700000000, 0x0000000800000000)
  region size 2048K, 1 young (2048K), 1 survivors (2048K)
 Metaspace       used 79520K, committed 80640K, reserved 1122304K
  class space    used 8680K, committed 9280K, reserved 1048576K
}
Event: 6814.060 GC heap before
{Heap before GC invocations=175 (full 0):
 garbage-first heap   total 247808K, used 207917K [0x0000000700000000, 0x0000000800000000)
  region size 2048K, 72 young (147456K), 1 survivors (2048K)
 Metaspace       used 79622K, committed 80768K, reserved 1122304K
  class space    used 8682K, committed 9280K, reserved 1048576K
}
Event: 6814.067 GC heap after
{Heap after GC invocations=176 (full 0):
 garbage-first heap   total 247808K, used 64709K [0x0000000700000000, 0x0000000800000000)
  region size 2048K, 1 young (2048K), 1 survivors (2048K)
 Metaspace       used 79622K, committed 80768K, reserved 1122304K
  class space    used 8682K, committed 9280K, reserved 1048576K
}
Event: 6939.879 GC heap before
{Heap before GC invocations=176 (full 0):
 garbage-first heap   total 247808K, used 208069K [0x0000000700000000, 0x0000000800000000)
  region size 2048K, 72 young (147456K), 1 survivors (2048K)
 Metaspace       used 79630K, committed 80768K, reserved 1122304K
  class space    used 8686K, committed 9280K, reserved 1048576K
}
Event: 6939.888 GC heap after
{Heap after GC invocations=177 (full 0):
 garbage-first heap   total 247808K, used 64713K [0x0000000700000000, 0x0000000800000000)
  region size 2048K, 1 young (2048K), 1 survivors (2048K)
 Metaspace       used 79630K, committed 80768K, reserved 1122304K
  class space    used 8686K, committed 9280K, reserved 1048576K
}
Event: 7028.380 GC heap before
{Heap before GC invocations=177 (full 0):
 garbage-first heap   total 247808K, used 208073K [0x0000000700000000, 0x0000000800000000)
  region size 2048K, 72 young (147456K), 1 survivors (2048K)
 Metaspace       used 79634K, committed 80768K, reserved 1122304K
  class space    used 8688K, committed 9280K, reserved 1048576K
}
Event: 7028.398 GC heap after
{Heap after GC invocations=178 (full 0):
 garbage-first heap   total 247808K, used 64796K [0x0000000700000000, 0x0000000800000000)
  region size 2048K, 1 young (2048K), 1 survivors (2048K)
 Metaspace       used 79634K, committed 80768K, reserved 1122304K
  class space    used 8688K, committed 9280K, reserved 1048576K
}
Event: 7042.165 GC heap before
{Heap before GC invocations=178 (full 0):
 garbage-first heap   total 247808K, used 208156K [0x0000000700000000, 0x0000000800000000)
  region size 2048K, 72 young (147456K), 1 survivors (2048K)
 Metaspace       used 79642K, committed 80768K, reserved 1122304K
  class space    used 8688K, committed 9280K, reserved 1048576K
}
Event: 7042.196 GC heap after
{Heap after GC invocations=179 (full 0):
 garbage-first heap   total 247808K, used 64856K [0x0000000700000000, 0x0000000800000000)
  region size 2048K, 1 young (2048K), 1 survivors (2048K)
 Metaspace       used 79642K, committed 80768K, reserved 1122304K
  class space    used 8688K, committed 9280K, reserved 1048576K
}
Event: 7064.755 GC heap before
{Heap before GC invocations=179 (full 0):
 garbage-first heap   total 247808K, used 208216K [0x0000000700000000, 0x0000000800000000)
  region size 2048K, 72 young (147456K), 1 survivors (2048K)
 Metaspace       used 79643K, committed 80768K, reserved 1122304K
  class space    used 8688K, committed 9280K, reserved 1048576K
}
Event: 7064.783 GC heap after
{Heap after GC invocations=180 (full 0):
 garbage-first heap   total 247808K, used 64743K [0x0000000700000000, 0x0000000800000000)
  region size 2048K, 1 young (2048K), 1 survivors (2048K)
 Metaspace       used 79643K, committed 80768K, reserved 1122304K
  class space    used 8688K, committed 9280K, reserved 1048576K
}
Event: 7065.125 GC heap before
{Heap before GC invocations=180 (full 0):
 garbage-first heap   total 247808K, used 208103K [0x0000000700000000, 0x0000000800000000)
  region size 2048K, 72 young (147456K), 1 survivors (2048K)
 Metaspace       used 79644K, committed 80768K, reserved 1122304K
  class space    used 8688K, committed 9280K, reserved 1048576K
}
Event: 7065.128 GC heap after
{Heap after GC invocations=181 (full 0):
 garbage-first heap   total 247808K, used 64670K [0x0000000700000000, 0x0000000800000000)
  region size 2048K, 1 young (2048K), 1 survivors (2048K)
 Metaspace       used 79644K, committed 80768K, reserved 1122304K
  class space    used 8688K, committed 9280K, reserved 1048576K
}
Event: 8795.949 GC heap before
{Heap before GC invocations=181 (full 0):
 garbage-first heap   total 247808K, used 208030K [0x0000000700000000, 0x0000000800000000)
  region size 2048K, 72 young (147456K), 1 survivors (2048K)
 Metaspace       used 79650K, committed 80768K, reserved 1122304K
  class space    used 8689K, committed 9280K, reserved 1048576K
}
Event: 8795.959 GC heap after
{Heap after GC invocations=182 (full 0):
 garbage-first heap   total 247808K, used 64708K [0x0000000700000000, 0x0000000800000000)
  region size 2048K, 1 young (2048K), 1 survivors (2048K)
 Metaspace       used 79650K, committed 80768K, reserved 1122304K
  class space    used 8689K, committed 9280K, reserved 1048576K
}
Event: 8802.622 GC heap before
{Heap before GC invocations=182 (full 0):
 garbage-first heap   total 247808K, used 208068K [0x0000000700000000, 0x0000000800000000)
  region size 2048K, 72 young (147456K), 1 survivors (2048K)
 Metaspace       used 79660K, committed 80768K, reserved 1122304K
  class space    used 8691K, committed 9280K, reserved 1048576K
}
Event: 8802.638 GC heap after
{Heap after GC invocations=183 (full 0):
 garbage-first heap   total 247808K, used 64614K [0x0000000700000000, 0x0000000800000000)
  region size 2048K, 1 young (2048K), 1 survivors (2048K)
 Metaspace       used 79660K, committed 80768K, reserved 1122304K
  class space    used 8691K, committed 9280K, reserved 1048576K
}

